<?xml version="1.0" encoding="UTF-8"?>
<testsuite xmlns:xsi="http://www.w3.org/2001/XMLSchema-instance" xsi:noNamespaceSchemaLocation="https://maven.apache.org/surefire/maven-surefire-plugin/xsd/surefire-test-report-3.0.xsd" version="3.0" name="TestSuite" time="17.741" tests="1" errors="0" skipped="0" failures="0">
  <properties>
    <property name="sun.desktop" value="windows"/>
    <property name="awt.toolkit" value="sun.awt.windows.WToolkit"/>
    <property name="file.encoding.pkg" value="sun.io"/>
    <property name="java.specification.version" value="1.8"/>
    <property name="webdriver.chrome.driver" value="E:\Vignesh\ChromeDriver\chromedriver.exe"/>
    <property name="sun.cpu.isalist" value="amd64"/>
    <property name="sun.jnu.encoding" value="Cp1252"/>
    <property name="java.class.path" value="C:\Users\Home\Booking.cl\target\test-classes;C:\Users\Home\Booking.cl\target\classes;C:\WINDOWS\system32\config\systemprofile\.m2\repository\log4j\log4j\1.2.17\log4j-1.2.17.jar;C:\WINDOWS\system32\config\systemprofile\.m2\repository\org\seleniumhq\selenium\selenium-java\3.141.59\selenium-java-3.141.59.jar;C:\WINDOWS\system32\config\systemprofile\.m2\repository\org\seleniumhq\selenium\selenium-api\3.141.59\selenium-api-3.141.59.jar;C:\WINDOWS\system32\config\systemprofile\.m2\repository\org\seleniumhq\selenium\selenium-chrome-driver\3.141.59\selenium-chrome-driver-3.141.59.jar;C:\WINDOWS\system32\config\systemprofile\.m2\repository\org\seleniumhq\selenium\selenium-edge-driver\3.141.59\selenium-edge-driver-3.141.59.jar;C:\WINDOWS\system32\config\systemprofile\.m2\repository\org\seleniumhq\selenium\selenium-firefox-driver\3.141.59\selenium-firefox-driver-3.141.59.jar;C:\WINDOWS\system32\config\systemprofile\.m2\repository\org\seleniumhq\selenium\selenium-ie-driver\3.141.59\selenium-ie-driver-3.141.59.jar;C:\WINDOWS\system32\config\systemprofile\.m2\repository\org\seleniumhq\selenium\selenium-opera-driver\3.141.59\selenium-opera-driver-3.141.59.jar;C:\WINDOWS\system32\config\systemprofile\.m2\repository\org\seleniumhq\selenium\selenium-remote-driver\3.141.59\selenium-remote-driver-3.141.59.jar;C:\WINDOWS\system32\config\systemprofile\.m2\repository\org\seleniumhq\selenium\selenium-safari-driver\3.141.59\selenium-safari-driver-3.141.59.jar;C:\WINDOWS\system32\config\systemprofile\.m2\repository\org\seleniumhq\selenium\selenium-support\3.141.59\selenium-support-3.141.59.jar;C:\WINDOWS\system32\config\systemprofile\.m2\repository\net\bytebuddy\byte-buddy\1.8.15\byte-buddy-1.8.15.jar;C:\WINDOWS\system32\config\systemprofile\.m2\repository\org\apache\commons\commons-exec\1.3\commons-exec-1.3.jar;C:\WINDOWS\system32\config\systemprofile\.m2\repository\com\google\guava\guava\25.0-jre\guava-25.0-jre.jar;C:\WINDOWS\system32\config\systemprofile\.m2\repository\com\google\code\findbugs\jsr305\1.3.9\jsr305-1.3.9.jar;C:\WINDOWS\system32\config\systemprofile\.m2\repository\org\checkerframework\checker-compat-qual\2.0.0\checker-compat-qual-2.0.0.jar;C:\WINDOWS\system32\config\systemprofile\.m2\repository\com\google\errorprone\error_prone_annotations\2.1.3\error_prone_annotations-2.1.3.jar;C:\WINDOWS\system32\config\systemprofile\.m2\repository\com\google\j2objc\j2objc-annotations\1.1\j2objc-annotations-1.1.jar;C:\WINDOWS\system32\config\systemprofile\.m2\repository\org\codehaus\mojo\animal-sniffer-annotations\1.14\animal-sniffer-annotations-1.14.jar;C:\WINDOWS\system32\config\systemprofile\.m2\repository\com\squareup\okhttp3\okhttp\3.11.0\okhttp-3.11.0.jar;C:\WINDOWS\system32\config\systemprofile\.m2\repository\com\squareup\okio\okio\1.14.0\okio-1.14.0.jar;C:\WINDOWS\system32\config\systemprofile\.m2\repository\org\webjars\npm\selenium-webdriver\2.53.3\selenium-webdriver-2.53.3.jar;C:\WINDOWS\system32\config\systemprofile\.m2\repository\org\webjars\npm\adm-zip\0.4.4\adm-zip-0.4.4.jar;C:\WINDOWS\system32\config\systemprofile\.m2\repository\org\webjars\npm\ws\2.0.0-beta.2\ws-2.0.0-beta.2.jar;C:\WINDOWS\system32\config\systemprofile\.m2\repository\org\webjars\npm\ultron\1.1.1\ultron-1.1.1.jar;C:\WINDOWS\system32\config\systemprofile\.m2\repository\org\webjars\npm\tmp\0.0.24\tmp-0.0.24.jar;C:\WINDOWS\system32\config\systemprofile\.m2\repository\org\webjars\npm\xml2js\0.4.4\xml2js-0.4.4.jar;C:\WINDOWS\system32\config\systemprofile\.m2\repository\org\webjars\npm\sax\0.6.1\sax-0.6.1.jar;C:\WINDOWS\system32\config\systemprofile\.m2\repository\org\webjars\npm\xmlbuilder\13.0.2\xmlbuilder-13.0.2.jar;C:\WINDOWS\system32\config\systemprofile\.m2\repository\org\webjars\npm\rimraf\2.7.1\rimraf-2.7.1.jar;C:\WINDOWS\system32\config\systemprofile\.m2\repository\org\webjars\npm\glob\7.1.6\glob-7.1.6.jar;C:\WINDOWS\system32\config\systemprofile\.m2\repository\org\webjars\npm\fs.realpath\1.0.0\fs.realpath-1.0.0.jar;C:\WINDOWS\system32\config\systemprofile\.m2\repository\org\webjars\npm\inherits\2.0.4\inherits-2.0.4.jar;C:\WINDOWS\system32\config\systemprofile\.m2\repository\org\webjars\npm\path-is-absolute\1.0.1\path-is-absolute-1.0.1.jar;C:\WINDOWS\system32\config\systemprofile\.m2\repository\org\webjars\npm\once\1.4.0\once-1.4.0.jar;C:\WINDOWS\system32\config\systemprofile\.m2\repository\org\webjars\npm\wrappy\1.0.2\wrappy-1.0.2.jar;C:\WINDOWS\system32\config\systemprofile\.m2\repository\org\webjars\npm\minimatch\3.0.4\minimatch-3.0.4.jar;C:\WINDOWS\system32\config\systemprofile\.m2\repository\org\webjars\npm\brace-expansion\1.1.11\brace-expansion-1.1.11.jar;C:\WINDOWS\system32\config\systemprofile\.m2\repository\org\webjars\npm\balanced-match\1.0.0\balanced-match-1.0.0.jar;C:\WINDOWS\system32\config\systemprofile\.m2\repository\org\webjars\npm\concat-map\0.0.1\concat-map-0.0.1.jar;C:\WINDOWS\system32\config\systemprofile\.m2\repository\org\webjars\npm\inflight\1.0.6\inflight-1.0.6.jar;C:\WINDOWS\system32\config\systemprofile\.m2\repository\junit\junit\4.12\junit-4.12.jar;C:\WINDOWS\system32\config\systemprofile\.m2\repository\org\hamcrest\hamcrest-core\1.3\hamcrest-core-1.3.jar;C:\WINDOWS\system32\config\systemprofile\.m2\repository\org\testng\testng\7.1.0\testng-7.1.0.jar;C:\WINDOWS\system32\config\systemprofile\.m2\repository\com\beust\jcommander\1.72\jcommander-1.72.jar;C:\WINDOWS\system32\config\systemprofile\.m2\repository\com\google\inject\guice\4.1.0\guice-4.1.0-no_aop.jar;C:\WINDOWS\system32\config\systemprofile\.m2\repository\javax\inject\javax.inject\1\javax.inject-1.jar;C:\WINDOWS\system32\config\systemprofile\.m2\repository\aopalliance\aopalliance\1.0\aopalliance-1.0.jar;C:\WINDOWS\system32\config\systemprofile\.m2\repository\org\yaml\snakeyaml\1.21\snakeyaml-1.21.jar;"/>
    <property name="java.vm.vendor" value="Oracle Corporation"/>
    <property name="sun.arch.data.model" value="64"/>
    <property name="user.variant" value=""/>
    <property name="java.vendor.url" value="http://java.oracle.com/"/>
    <property name="user.timezone" value="Asia/Calcutta"/>
    <property name="java.vm.specification.version" value="1.8"/>
    <property name="os.name" value="Windows 10"/>
    <property name="user.country" value="IN"/>
    <property name="sun.java.launcher" value="SUN_STANDARD"/>
    <property name="sun.boot.library.path" value="C:\Program Files\java\jdk1.8.0_101\jre\bin"/>
    <property name="sun.java.command" value="C:\Windows\Temp\surefire5912869656516638785\surefirebooter9143398959611891301.jar C:\Windows\Temp\surefire5912869656516638785 2020-09-18T18-08-51_538-jvmRun1 surefire544896081765648536tmp surefire_0127427427972183221tmp"/>
    <property name="surefire.test.class.path" value="C:\Users\Home\Booking.cl\target\test-classes;C:\Users\Home\Booking.cl\target\classes;C:\WINDOWS\system32\config\systemprofile\.m2\repository\log4j\log4j\1.2.17\log4j-1.2.17.jar;C:\WINDOWS\system32\config\systemprofile\.m2\repository\org\seleniumhq\selenium\selenium-java\3.141.59\selenium-java-3.141.59.jar;C:\WINDOWS\system32\config\systemprofile\.m2\repository\org\seleniumhq\selenium\selenium-api\3.141.59\selenium-api-3.141.59.jar;C:\WINDOWS\system32\config\systemprofile\.m2\repository\org\seleniumhq\selenium\selenium-chrome-driver\3.141.59\selenium-chrome-driver-3.141.59.jar;C:\WINDOWS\system32\config\systemprofile\.m2\repository\org\seleniumhq\selenium\selenium-edge-driver\3.141.59\selenium-edge-driver-3.141.59.jar;C:\WINDOWS\system32\config\systemprofile\.m2\repository\org\seleniumhq\selenium\selenium-firefox-driver\3.141.59\selenium-firefox-driver-3.141.59.jar;C:\WINDOWS\system32\config\systemprofile\.m2\repository\org\seleniumhq\selenium\selenium-ie-driver\3.141.59\selenium-ie-driver-3.141.59.jar;C:\WINDOWS\system32\config\systemprofile\.m2\repository\org\seleniumhq\selenium\selenium-opera-driver\3.141.59\selenium-opera-driver-3.141.59.jar;C:\WINDOWS\system32\config\systemprofile\.m2\repository\org\seleniumhq\selenium\selenium-remote-driver\3.141.59\selenium-remote-driver-3.141.59.jar;C:\WINDOWS\system32\config\systemprofile\.m2\repository\org\seleniumhq\selenium\selenium-safari-driver\3.141.59\selenium-safari-driver-3.141.59.jar;C:\WINDOWS\system32\config\systemprofile\.m2\repository\org\seleniumhq\selenium\selenium-support\3.141.59\selenium-support-3.141.59.jar;C:\WINDOWS\system32\config\systemprofile\.m2\repository\net\bytebuddy\byte-buddy\1.8.15\byte-buddy-1.8.15.jar;C:\WINDOWS\system32\config\systemprofile\.m2\repository\org\apache\commons\commons-exec\1.3\commons-exec-1.3.jar;C:\WINDOWS\system32\config\systemprofile\.m2\repository\com\google\guava\guava\25.0-jre\guava-25.0-jre.jar;C:\WINDOWS\system32\config\systemprofile\.m2\repository\com\google\code\findbugs\jsr305\1.3.9\jsr305-1.3.9.jar;C:\WINDOWS\system32\config\systemprofile\.m2\repository\org\checkerframework\checker-compat-qual\2.0.0\checker-compat-qual-2.0.0.jar;C:\WINDOWS\system32\config\systemprofile\.m2\repository\com\google\errorprone\error_prone_annotations\2.1.3\error_prone_annotations-2.1.3.jar;C:\WINDOWS\system32\config\systemprofile\.m2\repository\com\google\j2objc\j2objc-annotations\1.1\j2objc-annotations-1.1.jar;C:\WINDOWS\system32\config\systemprofile\.m2\repository\org\codehaus\mojo\animal-sniffer-annotations\1.14\animal-sniffer-annotations-1.14.jar;C:\WINDOWS\system32\config\systemprofile\.m2\repository\com\squareup\okhttp3\okhttp\3.11.0\okhttp-3.11.0.jar;C:\WINDOWS\system32\config\systemprofile\.m2\repository\com\squareup\okio\okio\1.14.0\okio-1.14.0.jar;C:\WINDOWS\system32\config\systemprofile\.m2\repository\org\webjars\npm\selenium-webdriver\2.53.3\selenium-webdriver-2.53.3.jar;C:\WINDOWS\system32\config\systemprofile\.m2\repository\org\webjars\npm\adm-zip\0.4.4\adm-zip-0.4.4.jar;C:\WINDOWS\system32\config\systemprofile\.m2\repository\org\webjars\npm\ws\2.0.0-beta.2\ws-2.0.0-beta.2.jar;C:\WINDOWS\system32\config\systemprofile\.m2\repository\org\webjars\npm\ultron\1.1.1\ultron-1.1.1.jar;C:\WINDOWS\system32\config\systemprofile\.m2\repository\org\webjars\npm\tmp\0.0.24\tmp-0.0.24.jar;C:\WINDOWS\system32\config\systemprofile\.m2\repository\org\webjars\npm\xml2js\0.4.4\xml2js-0.4.4.jar;C:\WINDOWS\system32\config\systemprofile\.m2\repository\org\webjars\npm\sax\0.6.1\sax-0.6.1.jar;C:\WINDOWS\system32\config\systemprofile\.m2\repository\org\webjars\npm\xmlbuilder\13.0.2\xmlbuilder-13.0.2.jar;C:\WINDOWS\system32\config\systemprofile\.m2\repository\org\webjars\npm\rimraf\2.7.1\rimraf-2.7.1.jar;C:\WINDOWS\system32\config\systemprofile\.m2\repository\org\webjars\npm\glob\7.1.6\glob-7.1.6.jar;C:\WINDOWS\system32\config\systemprofile\.m2\repository\org\webjars\npm\fs.realpath\1.0.0\fs.realpath-1.0.0.jar;C:\WINDOWS\system32\config\systemprofile\.m2\repository\org\webjars\npm\inherits\2.0.4\inherits-2.0.4.jar;C:\WINDOWS\system32\config\systemprofile\.m2\repository\org\webjars\npm\path-is-absolute\1.0.1\path-is-absolute-1.0.1.jar;C:\WINDOWS\system32\config\systemprofile\.m2\repository\org\webjars\npm\once\1.4.0\once-1.4.0.jar;C:\WINDOWS\system32\config\systemprofile\.m2\repository\org\webjars\npm\wrappy\1.0.2\wrappy-1.0.2.jar;C:\WINDOWS\system32\config\systemprofile\.m2\repository\org\webjars\npm\minimatch\3.0.4\minimatch-3.0.4.jar;C:\WINDOWS\system32\config\systemprofile\.m2\repository\org\webjars\npm\brace-expansion\1.1.11\brace-expansion-1.1.11.jar;C:\WINDOWS\system32\config\systemprofile\.m2\repository\org\webjars\npm\balanced-match\1.0.0\balanced-match-1.0.0.jar;C:\WINDOWS\system32\config\systemprofile\.m2\repository\org\webjars\npm\concat-map\0.0.1\concat-map-0.0.1.jar;C:\WINDOWS\system32\config\systemprofile\.m2\repository\org\webjars\npm\inflight\1.0.6\inflight-1.0.6.jar;C:\WINDOWS\system32\config\systemprofile\.m2\repository\junit\junit\4.12\junit-4.12.jar;C:\WINDOWS\system32\config\systemprofile\.m2\repository\org\hamcrest\hamcrest-core\1.3\hamcrest-core-1.3.jar;C:\WINDOWS\system32\config\systemprofile\.m2\repository\org\testng\testng\7.1.0\testng-7.1.0.jar;C:\WINDOWS\system32\config\systemprofile\.m2\repository\com\beust\jcommander\1.72\jcommander-1.72.jar;C:\WINDOWS\system32\config\systemprofile\.m2\repository\com\google\inject\guice\4.1.0\guice-4.1.0-no_aop.jar;C:\WINDOWS\system32\config\systemprofile\.m2\repository\javax\inject\javax.inject\1\javax.inject-1.jar;C:\WINDOWS\system32\config\systemprofile\.m2\repository\aopalliance\aopalliance\1.0\aopalliance-1.0.jar;C:\WINDOWS\system32\config\systemprofile\.m2\repository\org\yaml\snakeyaml\1.21\snakeyaml-1.21.jar;"/>
    <property name="sun.cpu.endian" value="little"/>
    <property name="user.home" value="C:\WINDOWS\system32\config\systemprofile"/>
    <property name="user.language" value="en"/>
    <property name="java.specification.vendor" value="Oracle Corporation"/>
    <property name="java.home" value="C:\Program Files\java\jdk1.8.0_101\jre"/>
    <property name="basedir" value="C:\Users\Home\Booking.cl"/>
    <property name="file.separator" value="\"/>
    <property name="line.separator" value="&#10;"/>
    <property name="java.vm.specification.vendor" value="Oracle Corporation"/>
    <property name="java.specification.name" value="Java Platform API Specification"/>
    <property name="java.awt.graphicsenv" value="sun.awt.Win32GraphicsEnvironment"/>
    <property name="surefire.real.class.path" value="C:\Windows\Temp\surefire5912869656516638785\surefirebooter9143398959611891301.jar"/>
    <property name="sun.boot.class.path" value="C:\Program Files\java\jdk1.8.0_101\jre\lib\resources.jar;C:\Program Files\java\jdk1.8.0_101\jre\lib\rt.jar;C:\Program Files\java\jdk1.8.0_101\jre\lib\sunrsasign.jar;C:\Program Files\java\jdk1.8.0_101\jre\lib\jsse.jar;C:\Program Files\java\jdk1.8.0_101\jre\lib\jce.jar;C:\Program Files\java\jdk1.8.0_101\jre\lib\charsets.jar;C:\Program Files\java\jdk1.8.0_101\jre\lib\jfr.jar;C:\Program Files\java\jdk1.8.0_101\jre\classes"/>
    <property name="user.script" value=""/>
    <property name="sun.management.compiler" value="HotSpot 64-Bit Tiered Compilers"/>
    <property name="java.runtime.version" value="1.8.0_101-b13"/>
    <property name="user.name" value="DESKTOP-QV4RKQ8$"/>
    <property name="path.separator" value=";"/>
    <property name="os.version" value="10.0"/>
    <property name="java.endorsed.dirs" value="C:\Program Files\java\jdk1.8.0_101\jre\lib\endorsed"/>
    <property name="java.runtime.name" value="Java(TM) SE Runtime Environment"/>
    <property name="file.encoding" value="Cp1252"/>
    <property name="java.vm.name" value="Java HotSpot(TM) 64-Bit Server VM"/>
    <property name="localRepository" value="C:\WINDOWS\system32\config\systemprofile\.m2\repository"/>
    <property name="java.vendor.url.bug" value="http://bugreport.sun.com/bugreport/"/>
    <property name="java.io.tmpdir" value="C:\WINDOWS\TEMP\"/>
    <property name="java.version" value="1.8.0_101"/>
    <property name="user.dir" value="C:\Users\Home\Booking.cl"/>
    <property name="os.arch" value="amd64"/>
    <property name="java.vm.specification.name" value="Java Virtual Machine Specification"/>
    <property name="java.awt.printerjob" value="sun.awt.windows.WPrinterJob"/>
    <property name="sun.os.patch.level" value=""/>
    <property name="java.library.path" value="C:\Program Files\java\jdk1.8.0_101\jre\bin;C:\WINDOWS\Sun\Java\bin;C:\WINDOWS\system32;C:\WINDOWS;C:\Program Files\Apache\apache-maven-3.6.3/bin;C:\Program Files\java\jdk1.8.0_101/bin;C:\Program Files\java\jdk1.8.0_101/bin;C:\Windows\System32\cmd.exe;C:\WINDOWS\system32;C:\Program Files\Apache\apache-maven-3.6.3\bin;C:\Program Files\Git\cmd;C:\WINDOWS\system32\config\systemprofile\AppData\Local\Microsoft\WindowsApps;."/>
    <property name="java.vm.info" value="mixed mode"/>
    <property name="java.vendor" value="Oracle Corporation"/>
    <property name="java.vm.version" value="25.101-b13"/>
    <property name="java.ext.dirs" value="C:\Program Files\java\jdk1.8.0_101\jre\lib\ext;C:\WINDOWS\Sun\Java\lib\ext"/>
    <property name="sun.io.unicode.encoding" value="UnicodeLittle"/>
    <property name="java.class.version" value="52.0"/>
  </properties>
  <testcase name="test" classname="TestDemo.TestJUnitd" time="16.608">
    <system-out><![CDATA[[TestNGContentHandler] [WARN] It is strongly recommended to add "<!DOCTYPE suite SYSTEM "https://testng.org/testng-1.0.dtd" >" at the top of your file, otherwise TestNG may fail or not work as expected.
]]></system-out>
    <system-err><![CDATA[Starting ChromeDriver 85.0.4183.87 (cd6713ebf92fa1cacc0f1a598df280093af0c5d7-refs/branch-heads/4183@{#1689}) on port 20585
Only local connections are allowed.
Please see https://chromedriver.chromium.org/security-considerations for suggestions on keeping ChromeDriver safe.
ChromeDriver was started successfully.
Sep 18, 2020 6:09:14 PM org.openqa.selenium.remote.ProtocolHandshake createSession
INFO: Detected dialect: W3C
]]></system-err>
  </testcase>
</testsuite>