<?xml version="1.0" encoding="UTF-8"?>
<!-- Generated by org.testng.reporters.JUnitReportReporter -->
<testsuite skipped="0" hostname="DESKTOP-QV4RKQ8" name="TestDemo.TestJUnitd" tests="1" failures="0" timestamp="2020-09-18T18:09:21 IST" time="16.590" errors="0">
  <testcase name="test" time="16.590" classname="TestDemo.TestJUnitd"/>
  <system-out/>
</testsuite> <!-- TestDemo.TestJUnitd -->
